server.coffee
server.js
system.log
test.js
webtail.js
server.coffee
server.js
system.log
test.js
webtail.js
server.coffee
server.js
system.log
test.js
webtail.js
server.coffee
server.js
system.log
test.js
webtail.js
server.coffee
server.js
system.log
test.js
webtail.js
server.coffee
server.js
system.log
test.js
webtail.js
server.coffee
server.js
system.log
test.js
webtail.js
server.coffee
server.js
system.log
test.js
webtail.js
server.coffee
server.js
system.log
test.js
webtail.js
server.coffee
server.js
system.log
test.js
webtail.js
server.coffee
server.js
system.log
test.js
webtail.js
server.coffee
server.js
system.log
test.js
webtail.js
server.coffee
server.js
system.log
test.js
webtail.js
server.coffee
server.js
system.log
test.js
webtail.js
server.coffee
server.js
system.log
test.js
webtail.js
